mode: atomic
github.com/p12s/furniture-store/account/internal/config/config.go:39.29,42.57 2 1
github.com/p12s/furniture-store/account/internal/config/config.go:46.2,46.65 1 1
github.com/p12s/furniture-store/account/internal/config/config.go:50.2,50.61 1 1
github.com/p12s/furniture-store/account/internal/config/config.go:54.2,54.77 1 1
github.com/p12s/furniture-store/account/internal/config/config.go:58.2,58.17 1 1
github.com/p12s/furniture-store/account/internal/config/config.go:42.57,44.3 1 0
github.com/p12s/furniture-store/account/internal/config/config.go:46.65,48.3 1 0
github.com/p12s/furniture-store/account/internal/config/config.go:50.61,52.3 1 0
github.com/p12s/furniture-store/account/internal/config/config.go:54.77,56.3 1 0
